TN:
SF:crawler.js
FN:32,(anonymous_0)
FN:33,(anonymous_1)
FNF:2
FNH:0
FNDA:0,(anonymous_0)
FNDA:0,(anonymous_1)
DA:8,0
DA:9,0
DA:10,0
DA:13,0
DA:14,0
DA:15,0
DA:17,0
DA:18,0
DA:19,0
DA:20,0
DA:21,0
DA:22,0
DA:25,0
DA:26,0
DA:27,0
DA:31,0
DA:32,0
DA:34,0
DA:35,0
DA:39,0
LF:20
LH:0
BRDA:13,0,0,0
BRDA:13,0,1,0
BRDA:15,1,0,0
BRDA:15,1,1,0
BRDA:17,2,0,0
BRDA:17,2,1,0
BRDA:25,3,0,0
BRDA:25,3,1,0
BRDA:25,4,0,0
BRDA:25,4,1,0
BRDA:25,4,2,0
BRF:11
BRH:0
end_of_record
TN:
SF:lib/crawler.js
FN:23,(anonymous_0)
FN:24,(anonymous_1)
FN:25,(anonymous_2)
FN:36,(anonymous_3)
FN:70,(anonymous_4)
FN:106,(anonymous_5)
FNF:6
FNH:6
FNDA:5,(anonymous_0)
FNDA:5,(anonymous_1)
FNDA:11,(anonymous_2)
FNDA:6,(anonymous_3)
FNDA:6,(anonymous_4)
FNDA:3,(anonymous_5)
DA:10,1
DA:12,1
DA:13,1
DA:14,1
DA:15,1
DA:23,1
DA:24,5
DA:25,11
DA:36,1
DA:37,6
DA:39,4
DA:40,4
DA:41,4
DA:44,2
DA:45,2
DA:46,2
DA:47,2
DA:50,2
DA:52,2
DA:53,2
DA:56,2
DA:57,2
DA:59,2
DA:70,1
DA:81,6
DA:83,6
DA:84,6
DA:87,6
DA:88,1
DA:92,5
DA:97,3
DA:98,3
DA:101,3
DA:103,3
DA:105,2
DA:106,3
DA:109,2
DA:110,2
DA:112,1
DA:115,3
DA:118,3
DA:121,3
DA:122,3
DA:124,3
DA:128,1
LF:45
LH:45
BRDA:37,0,0,4
BRDA:37,0,1,2
BRDA:47,1,0,2
BRDA:47,1,1,1
BRDA:70,2,0,0
BRDA:70,3,0,0
BRDA:72,4,0,2
BRDA:73,5,0,1
BRDA:74,6,0,1
BRDA:75,7,0,5
BRDA:87,8,0,1
BRDA:87,8,1,5
BRDA:103,9,0,2
BRDA:103,9,1,1
BRDA:122,10,0,3
BRDA:122,10,1,0
BRF:16
BRH:13
end_of_record
TN:
SF:lib/fetcher.js
FN:15,(anonymous_0)
FN:46,(anonymous_1)
FNF:2
FNH:0
FNDA:0,(anonymous_0)
FNDA:0,(anonymous_1)
DA:5,0
DA:15,0
DA:16,0
DA:17,0
DA:18,0
DA:20,0
DA:21,0
DA:22,0
DA:24,0
DA:30,0
DA:31,0
DA:34,0
DA:35,0
DA:37,0
DA:46,0
DA:47,0
DA:52,0
LF:17
LH:0
BRDA:15,0,0,0
BRDA:15,1,0,0
BRDA:16,2,0,0
BRDA:16,2,1,0
BRDA:17,3,0,0
BRDA:17,3,1,0
BRDA:18,4,0,0
BRDA:18,4,1,0
BRDA:22,5,0,0
BRDA:22,5,1,0
BRDA:30,6,0,0
BRDA:30,6,1,0
BRDA:34,7,0,0
BRDA:34,7,1,0
BRF:14
BRH:0
end_of_record
TN:
SF:lib/notification.js
FN:14,(anonymous_0)
FN:36,(anonymous_1)
FN:63,(anonymous_2)
FN:84,(anonymous_3)
FN:113,(anonymous_4)
FNF:5
FNH:0
FNDA:0,(anonymous_0)
FNDA:0,(anonymous_1)
FNDA:0,(anonymous_2)
FNDA:0,(anonymous_3)
FNDA:0,(anonymous_4)
DA:5,0
DA:14,0
DA:15,0
DA:16,0
DA:17,0
DA:20,0
DA:21,0
DA:22,0
DA:24,0
DA:25,0
DA:36,0
DA:37,0
DA:50,0
DA:51,0
DA:54,0
DA:63,0
DA:64,0
DA:84,0
DA:85,0
DA:87,0
DA:88,0
DA:90,0
DA:91,0
DA:92,0
DA:94,0
DA:95,0
DA:96,0
DA:99,0
DA:100,0
DA:113,0
DA:114,0
DA:116,0
DA:117,0
DA:121,0
LF:34
LH:0
BRDA:15,0,0,0
BRDA:15,0,1,0
BRDA:38,1,0,0
BRDA:38,1,1,0
BRDA:42,2,0,0
BRDA:42,2,1,0
BRDA:43,3,0,0
BRDA:43,3,1,0
BRDA:43,4,0,0
BRDA:43,4,1,0
BRDA:44,5,0,0
BRDA:44,5,1,0
BRDA:50,6,0,0
BRDA:50,6,1,0
BRDA:84,7,0,0
BRDA:85,8,0,0
BRDA:85,8,1,0
BRDA:87,9,0,0
BRDA:87,9,1,0
BRDA:95,10,0,0
BRDA:95,10,1,0
BRDA:99,11,0,0
BRDA:99,11,1,0
BRDA:116,12,0,0
BRDA:116,12,1,0
BRF:25
BRH:0
end_of_record
TN:
SF:lib/parser.js
FN:13,(anonymous_0)
FN:49,(anonymous_1)
FN:53,(anonymous_2)
FNF:3
FNH:0
FNDA:0,(anonymous_0)
FNDA:0,(anonymous_1)
FNDA:0,(anonymous_2)
DA:5,0
DA:13,0
DA:14,0
DA:15,0
DA:18,0
DA:20,0
DA:21,0
DA:22,0
DA:25,0
DA:28,0
DA:29,0
DA:31,0
DA:49,0
DA:50,0
DA:51,0
DA:53,0
DA:54,0
DA:55,0
DA:57,0
DA:58,0
DA:62,0
DA:65,0
LF:22
LH:0
BRDA:18,0,0,0
BRDA:18,0,1,0
BRDA:33,1,0,0
BRDA:33,1,1,0
BRDA:33,2,0,0
BRDA:33,2,1,0
BRDA:57,3,0,0
BRDA:57,3,1,0
BRF:8
BRH:0
end_of_record
TN:
SF:lib/storage.js
FN:14,(anonymous_0)
FN:32,(anonymous_1)
FN:45,(anonymous_2)
FNF:3
FNH:0
FNDA:0,(anonymous_0)
FNDA:0,(anonymous_1)
FNDA:0,(anonymous_2)
DA:5,0
DA:6,0
DA:14,0
DA:15,0
DA:16,0
DA:17,0
DA:20,0
DA:22,0
DA:32,0
DA:33,0
DA:34,0
DA:36,0
DA:45,0
DA:46,0
DA:49,0
LF:15
LH:0
BRDA:16,0,0,0
BRDA:16,0,1,0
BRDA:45,1,0,0
BRF:3
BRH:0
end_of_record
TN:
SF:lib/utils.js
FN:10,(anonymous_0)
FN:10,(anonymous_1)
FN:20,(anonymous_2)
FN:22,(anonymous_3)
FN:34,(anonymous_4)
FN:48,(anonymous_5)
FN:58,(anonymous_6)
FN:67,(anonymous_7)
FNF:8
FNH:0
FNDA:0,(anonymous_0)
FNDA:0,(anonymous_1)
FNDA:0,(anonymous_2)
FNDA:0,(anonymous_3)
FNDA:0,(anonymous_4)
FNDA:0,(anonymous_5)
FNDA:0,(anonymous_6)
FNDA:0,(anonymous_7)
DA:10,0
DA:20,0
DA:21,0
DA:22,0
DA:23,0
DA:24,0
DA:26,0
DA:34,0
DA:36,0
DA:37,0
DA:38,0
DA:40,0
DA:48,0
DA:49,0
DA:50,0
DA:58,0
DA:59,0
DA:67,0
DA:68,0
DA:69,0
DA:72,0
LF:21
LH:0
BRDA:20,0,0,0
BRDA:20,1,0,0
BRDA:23,2,0,0
BRDA:23,2,1,0
BRDA:24,3,0,0
BRDA:24,3,1,0
BRDA:36,4,0,0
BRDA:36,4,1,0
BRDA:38,5,0,0
BRDA:38,5,1,0
BRDA:49,6,0,0
BRDA:49,6,1,0
BRDA:49,7,0,0
BRDA:49,7,1,0
BRDA:50,8,0,0
BRDA:50,8,1,0
BRDA:67,9,0,0
BRF:17
BRH:0
end_of_record
