TN:
SF:crawler.js
FN:44,(anonymous_0)
FN:48,(anonymous_1)
FNF:2
FNH:0
FNDA:0,(anonymous_0)
FNDA:0,(anonymous_1)
DA:8,0
DA:9,0
DA:10,0
DA:13,0
DA:14,0
DA:15,0
DA:16,0
DA:17,0
DA:20,0
DA:21,0
DA:22,0
DA:23,0
DA:24,0
DA:28,0
DA:29,0
DA:30,0
DA:31,0
DA:32,0
DA:33,0
DA:34,0
DA:37,0
DA:38,0
DA:39,0
DA:43,0
DA:45,0
DA:46,0
DA:49,0
DA:50,0
DA:54,0
LF:29
LH:0
BRDA:13,0,0,0
BRDA:13,0,1,0
BRDA:21,1,0,0
BRDA:21,1,1,0
BRDA:23,2,0,0
BRDA:23,2,1,0
BRDA:28,3,0,0
BRDA:28,3,1,0
BRDA:37,4,0,0
BRDA:37,4,1,0
BRDA:37,5,0,0
BRDA:37,5,1,0
BRDA:37,5,2,0
BRF:13
BRH:0
end_of_record
TN:
SF:lib/crawlService.js
FN:20,(anonymous_0)
FN:21,(anonymous_1)
FN:22,(anonymous_2)
FN:33,(anonymous_3)
FN:67,(anonymous_4)
FN:69,(anonymous_5)
FN:71,(anonymous_6)
FN:97,(anonymous_7)
FN:124,(anonymous_8)
FNF:9
FNH:8
FNDA:5,(anonymous_0)
FNDA:4,(anonymous_1)
FNDA:9,(anonymous_2)
FNDA:4,(anonymous_3)
FNDA:3,(anonymous_4)
FNDA:4,(anonymous_5)
FNDA:5,(anonymous_6)
FNDA:2,(anonymous_7)
FNDA:0,(anonymous_8)
DA:5,1
DA:10,1
DA:11,1
DA:12,1
DA:20,1
DA:21,5
DA:22,9
DA:33,1
DA:34,4
DA:36,2
DA:37,2
DA:38,2
DA:41,2
DA:42,2
DA:43,2
DA:44,2
DA:47,2
DA:49,2
DA:50,2
DA:53,2
DA:54,2
DA:56,2
DA:67,1
DA:68,3
DA:69,4
DA:71,3
DA:72,5
DA:73,5
DA:74,5
DA:75,5
DA:77,5
DA:97,1
DA:98,2
DA:109,2
DA:111,2
DA:113,2
DA:116,1
DA:119,1
DA:122,1
DA:123,0
DA:124,0
DA:126,0
DA:127,0
DA:128,1
DA:129,1
DA:131,0
DA:134,1
DA:145,1
DA:148,1
DA:149,1
DA:150,1
DA:153,1
DA:157,1
LF:53
LH:48
BRDA:34,0,0,2
BRDA:34,0,1,2
BRDA:44,1,0,2
BRDA:44,1,1,2
BRDA:68,2,0,3
BRDA:68,2,1,0
BRDA:72,3,0,5
BRDA:72,3,1,3
BRDA:74,4,0,5
BRDA:74,4,1,5
BRDA:75,5,0,5
BRDA:75,5,1,2
BRDA:97,6,0,1
BRDA:97,7,0,1
BRDA:97,8,0,2
BRDA:98,9,0,1
BRDA:100,10,0,2
BRDA:101,11,0,2
BRDA:102,12,0,2
BRDA:103,13,0,2
BRDA:122,14,0,0
BRDA:122,14,1,1
BRDA:122,15,0,1
BRDA:122,15,1,1
BRDA:128,16,0,1
BRDA:128,16,1,0
BRDA:139,17,0,1
BRDA:139,17,1,0
BRDA:148,18,0,1
BRDA:148,18,1,0
BRDA:150,19,0,1
BRDA:150,19,1,0
BRF:32
BRH:26
end_of_record
TN:
SF:lib/crawler.js
FN:19,(anonymous_0)
FNF:1
FNH:1
FNDA:4,(anonymous_0)
DA:8,1
DA:10,1
DA:11,1
DA:19,1
DA:28,4
DA:30,4
DA:31,4
DA:34,4
DA:35,1
DA:39,3
DA:44,2
DA:45,2
DA:47,2
DA:50,2
DA:51,2
DA:55,1
LF:16
LH:16
BRDA:19,0,0,3
BRDA:21,1,0,3
BRDA:22,2,0,3
BRDA:23,3,0,4
BRDA:34,4,0,1
BRDA:34,4,1,3
BRF:6
BRH:6
end_of_record
TN:
SF:lib/fetcher.js
FN:15,(anonymous_0)
FN:46,(anonymous_1)
FNF:2
FNH:2
FNDA:7,(anonymous_0)
FNDA:1,(anonymous_1)
DA:5,1
DA:15,1
DA:16,7
DA:17,7
DA:18,7
DA:20,7
DA:21,11
DA:22,11
DA:24,11
DA:30,5
DA:31,1
DA:34,4
DA:35,4
DA:37,4
DA:46,1
DA:47,1
DA:52,1
LF:17
LH:17
BRDA:15,0,0,0
BRDA:15,1,0,5
BRDA:16,2,0,7
BRDA:16,2,1,5
BRDA:17,3,0,7
BRDA:17,3,1,6
BRDA:18,4,0,7
BRDA:18,4,1,6
BRDA:22,5,0,4
BRDA:22,5,1,7
BRDA:30,6,0,1
BRDA:30,6,1,4
BRDA:34,7,0,1
BRDA:34,7,1,3
BRF:14
BRH:13
end_of_record
TN:
SF:lib/notification.js
FN:16,(anonymous_0)
FN:41,(anonymous_1)
FN:67,(anonymous_2)
FN:99,(anonymous_3)
FN:120,(anonymous_4)
FN:155,(anonymous_5)
FNF:6
FNH:6
FNDA:13,(anonymous_0)
FNDA:19,(anonymous_1)
FNDA:11,(anonymous_2)
FNDA:3,(anonymous_3)
FNDA:4,(anonymous_4)
FNDA:2,(anonymous_5)
DA:5,1
DA:6,1
DA:16,1
DA:17,13
DA:18,1
DA:19,1
DA:22,12
DA:23,12
DA:24,12
DA:25,0
DA:28,12
DA:29,9
DA:31,3
DA:32,3
DA:41,1
DA:42,19
DA:44,1
DA:45,1
DA:46,0
DA:50,1
DA:51,1
DA:52,1
DA:55,0
DA:67,1
DA:68,11
DA:69,11
DA:71,11
DA:86,11
DA:87,1
DA:90,11
DA:99,1
DA:100,3
DA:120,1
DA:121,4
DA:123,3
DA:124,3
DA:125,3
DA:127,3
DA:128,8
DA:129,8
DA:130,8
DA:131,8
DA:133,8
DA:135,8
DA:136,8
DA:137,7
DA:138,7
DA:141,8
DA:142,5
DA:155,1
DA:156,2
DA:158,2
DA:159,1
DA:163,1
LF:54
LH:51
BRDA:16,0,0,5
BRDA:17,1,0,1
BRDA:17,1,1,12
BRDA:24,2,0,0
BRDA:24,2,1,12
BRDA:42,3,0,18
BRDA:42,3,1,1
BRDA:45,4,0,0
BRDA:45,4,1,1
BRDA:51,5,0,1
BRDA:51,5,1,0
BRDA:67,6,0,3
BRDA:67,7,0,3
BRDA:69,8,0,11
BRDA:69,8,1,1
BRDA:72,9,0,11
BRDA:72,9,1,1
BRDA:74,10,0,0
BRDA:74,10,1,11
BRDA:76,11,0,11
BRDA:76,11,1,9
BRDA:77,12,0,11
BRDA:77,12,1,9
BRDA:77,13,0,11
BRDA:77,13,1,10
BRDA:78,14,0,11
BRDA:78,14,1,9
BRDA:81,15,0,0
BRDA:81,15,1,11
BRDA:81,16,0,0
BRDA:81,16,1,11
BRDA:86,17,0,1
BRDA:86,17,1,10
BRDA:120,18,0,3
BRDA:121,19,0,1
BRDA:121,19,1,3
BRDA:123,20,0,3
BRDA:123,20,1,2
BRDA:124,21,0,3
BRDA:124,21,1,3
BRDA:130,22,0,8
BRDA:130,22,1,0
BRDA:136,23,0,7
BRDA:136,23,1,1
BRDA:137,24,0,0
BRDA:137,24,1,7
BRDA:141,25,0,5
BRDA:141,25,1,3
BRDA:158,26,0,1
BRDA:158,26,1,1
BRF:50
BRH:42
end_of_record
TN:
SF:lib/parser.js
FN:13,(anonymous_0)
FN:49,(anonymous_1)
FN:53,(anonymous_2)
FNF:3
FNH:3
FNDA:6,(anonymous_0)
FNDA:2,(anonymous_1)
FNDA:2,(anonymous_2)
DA:5,1
DA:13,1
DA:14,6
DA:15,6
DA:18,6
DA:20,4
DA:21,4
DA:22,4
DA:25,4
DA:28,4
DA:29,4
DA:31,4
DA:49,1
DA:50,2
DA:51,2
DA:53,2
DA:54,2
DA:55,2
DA:57,2
DA:58,1
DA:62,2
DA:65,1
LF:22
LH:22
BRDA:18,0,0,2
BRDA:18,0,1,4
BRDA:33,1,0,4
BRDA:33,1,1,0
BRDA:33,2,0,1
BRDA:33,2,1,3
BRDA:57,3,0,1
BRDA:57,3,1,1
BRF:8
BRH:7
end_of_record
TN:
SF:lib/storage.js
FN:14,(anonymous_0)
FN:32,(anonymous_1)
FN:45,(anonymous_2)
FNF:3
FNH:3
FNDA:4,(anonymous_0)
FNDA:4,(anonymous_1)
FNDA:2,(anonymous_2)
DA:5,1
DA:6,1
DA:14,1
DA:15,4
DA:16,4
DA:17,2
DA:20,2
DA:22,3
DA:32,1
DA:33,4
DA:34,4
DA:36,1
DA:45,1
DA:46,2
DA:49,1
LF:15
LH:15
BRDA:16,0,0,2
BRDA:16,0,1,1
BRDA:45,1,0,1
BRF:3
BRH:3
end_of_record
TN:
SF:lib/utils.js
FN:10,(anonymous_0)
FN:10,(anonymous_1)
FN:20,(anonymous_2)
FN:22,(anonymous_3)
FN:34,(anonymous_4)
FN:48,(anonymous_5)
FN:58,(anonymous_6)
FN:67,(anonymous_7)
FNF:8
FNH:8
FNDA:1,(anonymous_0)
FNDA:1,(anonymous_1)
FNDA:10,(anonymous_2)
FNDA:11,(anonymous_3)
FNDA:3,(anonymous_4)
FNDA:7,(anonymous_5)
FNDA:3,(anonymous_6)
FNDA:2,(anonymous_7)
DA:10,2
DA:20,2
DA:21,10
DA:22,10
DA:23,11
DA:24,11
DA:26,10
DA:34,2
DA:36,3
DA:37,2
DA:38,2
DA:40,2
DA:48,2
DA:49,7
DA:50,3
DA:58,2
DA:59,3
DA:67,2
DA:68,2
DA:69,2
DA:72,2
LF:21
LH:21
BRDA:20,0,0,0
BRDA:20,1,0,0
BRDA:23,2,0,6
BRDA:23,2,1,5
BRDA:24,3,0,9
BRDA:24,3,1,2
BRDA:36,4,0,2
BRDA:36,4,1,1
BRDA:38,5,0,1
BRDA:38,5,1,1
BRDA:49,6,0,4
BRDA:49,6,1,3
BRDA:49,7,0,7
BRDA:49,7,1,4
BRDA:50,8,0,3
BRDA:50,8,1,1
BRDA:67,9,0,1
BRF:17
BRH:15
end_of_record
